This is pdfTeX, Version 3.1415926-2.5-1.40.14 (TeX Live 2013/Debian) (format=pdflatex 2015.12.17)  5 DEC 2016 18:03
entering extended mode
 restricted \write18 enabled.
 %&-line parsing enabled.
**thesis.tex
(./thesis.tex
LaTeX2e <2011/06/27>
Babel <3.9h> and hyphenation patterns for 2 languages loaded.
(./nuthesis.cls
Document Class: nuthesis 2014/10/06 v1.15a by Miguel A. Lerma
(/usr/share/texlive/texmf-dist/tex/latex/amscls/amsbook.cls
Document Class: amsbook 2009/07/02 v2.20.1
\linespacing=\dimen102
\normalparindent=\dimen103
\normaltopskip=\skip41
(/usr/share/texlive/texmf-dist/tex/latex/amsmath/amsmath.sty
Package: amsmath 2013/01/14 v2.14 AMS math features
\@mathmargin=\skip42

For additional information on amsmath, use the `?' option.
(/usr/share/texlive/texmf-dist/tex/latex/amsmath/amstext.sty
Package: amstext 2000/06/29 v2.01

(/usr/share/texlive/texmf-dist/tex/latex/amsmath/amsgen.sty
File: amsgen.sty 1999/11/30 v2.0
\@emptytoks=\toks14
\ex@=\dimen104
))
(/usr/share/texlive/texmf-dist/tex/latex/amsmath/amsbsy.sty
Package: amsbsy 1999/11/29 v1.2d
\pmbraise@=\dimen105
)
(/usr/share/texlive/texmf-dist/tex/latex/amsmath/amsopn.sty
Package: amsopn 1999/12/14 v2.01 operator names
)
\inf@bad=\count79
LaTeX Info: Redefining \frac on input line 210.
\uproot@=\count80
\leftroot@=\count81
LaTeX Info: Redefining \overline on input line 306.
\classnum@=\count82
\DOTSCASE@=\count83
LaTeX Info: Redefining \ldots on input line 378.
LaTeX Info: Redefining \dots on input line 381.
LaTeX Info: Redefining \cdots on input line 466.
\Mathstrutbox@=\box26
\strutbox@=\box27
\big@size=\dimen106
LaTeX Font Info:    Redeclaring font encoding OML on input line 566.
LaTeX Font Info:    Redeclaring font encoding OMS on input line 567.
\macc@depth=\count84
\c@MaxMatrixCols=\count85
\dotsspace@=\muskip10
\c@parentequation=\count86
\dspbrk@lvl=\count87
\tag@help=\toks15
\row@=\count88
\column@=\count89
\maxfields@=\count90
\andhelp@=\toks16
\eqnshift@=\dimen107
\alignsep@=\dimen108
\tagshift@=\dimen109
\tagwidth@=\dimen110
\totwidth@=\dimen111
\lineht@=\dimen112
\@envbody=\toks17
\multlinegap=\skip43
\multlinetaggap=\skip44
\mathdisplay@stack=\toks18
LaTeX Info: Redefining \[ on input line 2665.
LaTeX Info: Redefining \] on input line 2666.
)
LaTeX Font Info:    Try loading font information for U+msa on input line 367.

(/usr/share/texlive/texmf-dist/tex/latex/amsfonts/umsa.fd
File: umsa.fd 2013/01/14 v3.01 AMS symbols A
)
(/usr/share/texlive/texmf-dist/tex/latex/amsfonts/amsfonts.sty
Package: amsfonts 2013/01/14 v3.01 Basic AMSFonts support
\symAMSa=\mathgroup4
\symAMSb=\mathgroup5
LaTeX Font Info:    Overwriting math alphabet `\mathfrak' in version `bold'
(Font)                  U/euf/m/n --> U/euf/b/n on input line 106.
)
\copyins=\insert233
\abstractbox=\box28
\listisep=\skip45
\c@part=\count91
\c@chapter=\count92
\c@section=\count93
\c@subsection=\count94
\c@subsubsection=\count95
\c@paragraph=\count96
\c@subparagraph=\count97
\c@figure=\count98
\c@table=\count99
\abovecaptionskip=\skip46
\belowcaptionskip=\skip47
\captionindent=\dimen113
\thm@style=\toks19
\thm@bodyfont=\toks20
\thm@headfont=\toks21
\thm@notefont=\toks22
\thm@headpunct=\toks23
\thm@preskip=\skip48
\thm@postskip=\skip49
\thm@headsep=\skip50
\dth@everypar=\toks24
)
(/usr/share/texlive/texmf-dist/tex/latex/setspace/setspace.sty
Package: setspace 2011/12/19 v6.7a set line spacing
)
(/usr/share/texlive/texmf-dist/tex/latex/hyperref/hyperref.sty
Package: hyperref 2012/11/06 v6.83m Hypertext links for LaTeX

(/usr/share/texlive/texmf-dist/tex/generic/oberdiek/hobsub-hyperref.sty
Package: hobsub-hyperref 2012/05/28 v1.13 Bundle oberdiek, subset hyperref (HO)


(/usr/share/texlive/texmf-dist/tex/generic/oberdiek/hobsub-generic.sty
Package: hobsub-generic 2012/05/28 v1.13 Bundle oberdiek, subset generic (HO)
Package: hobsub 2012/05/28 v1.13 Construct package bundles (HO)
Package: infwarerr 2010/04/08 v1.3 Providing info/warning/error messages (HO)
Package: ltxcmds 2011/11/09 v1.22 LaTeX kernel commands for general use (HO)
Package: ifluatex 2010/03/01 v1.3 Provides the ifluatex switch (HO)
Package ifluatex Info: LuaTeX not detected.
Package: ifvtex 2010/03/01 v1.5 Detect VTeX and its facilities (HO)
Package ifvtex Info: VTeX not detected.
Package: intcalc 2007/09/27 v1.1 Expandable calculations with integers (HO)
Package: ifpdf 2011/01/30 v2.3 Provides the ifpdf switch (HO)
Package ifpdf Info: pdfTeX in PDF mode is detected.
Package: etexcmds 2011/02/16 v1.5 Avoid name clashes with e-TeX commands (HO)
Package etexcmds Info: Could not find \expanded.
(etexcmds)             That can mean that you are not using pdfTeX 1.50 or
(etexcmds)             that some package has redefined \expanded.
(etexcmds)             In the latter case, load this package earlier.
Package: kvsetkeys 2012/04/25 v1.16 Key value parser (HO)
Package: kvdefinekeys 2011/04/07 v1.3 Define keys (HO)
Package: pdftexcmds 2011/11/29 v0.20 Utility functions of pdfTeX for LuaTeX (HO
)
Package pdftexcmds Info: LuaTeX not detected.
Package pdftexcmds Info: \pdf@primitive is available.
Package pdftexcmds Info: \pdf@ifprimitive is available.
Package pdftexcmds Info: \pdfdraftmode found.
Package: pdfescape 2011/11/25 v1.13 Implements pdfTeX's escape features (HO)
Package: bigintcalc 2012/04/08 v1.3 Expandable calculations on big integers (HO
)
Package: bitset 2011/01/30 v1.1 Handle bit-vector datatype (HO)
Package: uniquecounter 2011/01/30 v1.2 Provide unlimited unique counter (HO)
)
Package hobsub Info: Skipping package `hobsub' (already loaded).
Package: letltxmacro 2010/09/02 v1.4 Let assignment for LaTeX macros (HO)
Package: hopatch 2012/05/28 v1.2 Wrapper for package hooks (HO)
Package: xcolor-patch 2011/01/30 xcolor patch
Package: atveryend 2011/06/30 v1.8 Hooks at the very end of document (HO)
Package atveryend Info: \enddocument detected (standard20110627).
Package: atbegshi 2011/10/05 v1.16 At begin shipout hook (HO)
Package: refcount 2011/10/16 v3.4 Data extraction from label references (HO)
Package: hycolor 2011/01/30 v1.7 Color options for hyperref/bookmark (HO)
)
(/usr/share/texlive/texmf-dist/tex/latex/graphics/keyval.sty
Package: keyval 1999/03/16 v1.13 key=value parser (DPC)
\KV@toks@=\toks25
)
(/usr/share/texlive/texmf-dist/tex/generic/ifxetex/ifxetex.sty
Package: ifxetex 2010/09/12 v0.6 Provides ifxetex conditional
)
(/usr/share/texlive/texmf-dist/tex/latex/oberdiek/auxhook.sty
Package: auxhook 2011/03/04 v1.3 Hooks for auxiliary files (HO)
)
(/usr/share/texlive/texmf-dist/tex/latex/oberdiek/kvoptions.sty
Package: kvoptions 2011/06/30 v3.11 Key value format for package options (HO)
)
\@linkdim=\dimen114
\Hy@linkcounter=\count100
\Hy@pagecounter=\count101

(/usr/share/texlive/texmf-dist/tex/latex/hyperref/pd1enc.def
File: pd1enc.def 2012/11/06 v6.83m Hyperref: PDFDocEncoding definition (HO)
)
\Hy@SavedSpaceFactor=\count102

(/usr/share/texlive/texmf-dist/tex/latex/latexconfig/hyperref.cfg
File: hyperref.cfg 2002/06/06 v1.2 hyperref configuration of TeXLive
)
Package hyperref Info: Option `bookmarks' set `true' on input line 4319.
Package hyperref Info: Option `bookmarksopen' set `true' on input line 4319.
Package hyperref Info: Option `plainpages' set `false' on input line 4319.
Package hyperref Info: Option `pdfpagelabels' set `true' on input line 4319.


Package hyperref Warning: Option `letterpaper' is no longer used.

Package hyperref Info: Option `breaklinks' set `true' on input line 4319.
Package hyperref Info: Hyper figures OFF on input line 4443.
Package hyperref Info: Link nesting OFF on input line 4448.
Package hyperref Info: Hyper index ON on input line 4451.
Package hyperref Info: Plain pages OFF on input line 4458.
Package hyperref Info: Backreferencing OFF on input line 4463.
Package hyperref Info: Implicit mode ON; LaTeX internals redefined.
Package hyperref Info: Bookmarks ON on input line 4688.
\c@Hy@tempcnt=\count103
(/usr/share/texlive/texmf-dist/tex/latex/url/url.sty
\Urlmuskip=\muskip11
Package: url 2013/09/16  ver 3.4  Verb mode for urls, etc.
)
LaTeX Info: Redefining \url on input line 5041.
\XeTeXLinkMargin=\dimen115
\Fld@menulength=\count104
\Field@Width=\dimen116
\Fld@charsize=\dimen117
Package hyperref Info: Hyper figures OFF on input line 6295.
Package hyperref Info: Link nesting OFF on input line 6300.
Package hyperref Info: Hyper index ON on input line 6303.
Package hyperref Info: backreferencing OFF on input line 6310.
Package hyperref Info: Link coloring OFF on input line 6315.
Package hyperref Info: Link coloring with OCG OFF on input line 6320.
Package hyperref Info: PDF/A mode OFF on input line 6325.
LaTeX Info: Redefining \ref on input line 6365.
LaTeX Info: Redefining \pageref on input line 6369.
\Hy@abspage=\count105
\c@Item=\count106
\c@Hfootnote=\count107
)

Package hyperref Message: Driver (autodetected): hpdftex.

(/usr/share/texlive/texmf-dist/tex/latex/hyperref/hpdftex.def
File: hpdftex.def 2012/11/06 v6.83m Hyperref driver for pdfTeX
\Fld@listcount=\count108
\c@bookmark@seq@number=\count109

(/usr/share/texlive/texmf-dist/tex/latex/oberdiek/rerunfilecheck.sty
Package: rerunfilecheck 2011/04/15 v1.7 Rerun checks for auxiliary files (HO)
Package uniquecounter Info: New unique counter `rerunfilecheck' on input line 2
82.
)
\Hy@SectionHShift=\skip51
)
\c@scheme=\count110
)
(/usr/share/texlive/texmf-dist/tex/latex/tools/bm.sty
Package: bm 2004/02/26 v1.1c Bold Symbol Support (DPC/FMi)
\symboldoperators=\mathgroup6
\symboldletters=\mathgroup7
\symboldsymbols=\mathgroup8
LaTeX Font Info:    Redeclaring math alphabet \mathbf on input line 138.
LaTeX Info: Redefining \bm on input line 204.
)
(/usr/share/texlive/texmf-dist/tex/latex/amsmath/amscd.sty
Package: amscd 1999/11/29 v2.0
\athelp@=\toks26
\minaw@=\dimen118
\bigaw@=\dimen119
\minCDarrowwidth=\dimen120
)
(/usr/share/texlive/texmf-dist/tex/latex/amsfonts/eucal.sty
Package: eucal 2009/06/22 v3.00 Euler Script fonts
LaTeX Font Info:    Overwriting math alphabet `\EuScript' in version `bold'
(Font)                  U/eus/m/n --> U/eus/b/n on input line 33.
)
(/usr/share/texlive/texmf-dist/tex/latex/tools/verbatim.sty
Package: verbatim 2003/08/22 v1.5q LaTeX2e package for verbatim enhancements
\every@verbatim=\toks27
\verbatim@line=\toks28
\verbatim@in@stream=\read1
)
(/usr/share/texlive/texmf-dist/tex/latex/graphics/lscape.sty
Package: lscape 2000/10/22 v3.01 Landscape Pages (DPC)

(/usr/share/texlive/texmf-dist/tex/latex/graphics/graphics.sty
Package: graphics 2009/02/05 v1.0o Standard LaTeX Graphics (DPC,SPQR)

(/usr/share/texlive/texmf-dist/tex/latex/graphics/trig.sty
Package: trig 1999/03/16 v1.09 sin cos tan (DPC)
)
(/usr/share/texlive/texmf-dist/tex/latex/latexconfig/graphics.cfg
File: graphics.cfg 2010/04/23 v1.9 graphics configuration of TeX Live
)
Package graphics Info: Driver file: pdftex.def on input line 91.

(/usr/share/texlive/texmf-dist/tex/latex/pdftex-def/pdftex.def
File: pdftex.def 2011/05/27 v0.06d Graphics/color for pdfTeX
\Gread@gobject=\count111
)))
(/usr/share/texlive/texmf-dist/tex/latex/amsfonts/amssymb.sty
Package: amssymb 2013/01/14 v3.01 AMS font symbols
)
(/usr/share/texlive/texmf-dist/tex/latex/mh/mathtools.sty
Package: mathtools 2013/02/12 v1.13 mathematical typesetting tools

(/usr/share/texlive/texmf-dist/tex/latex/tools/calc.sty
Package: calc 2007/08/22 v4.3 Infix arithmetic (KKT,FJ)
\calc@Acount=\count112
\calc@Bcount=\count113
\calc@Adimen=\dimen121
\calc@Bdimen=\dimen122
\calc@Askip=\skip52
\calc@Bskip=\skip53
LaTeX Info: Redefining \setlength on input line 76.
LaTeX Info: Redefining \addtolength on input line 77.
\calc@Ccount=\count114
\calc@Cskip=\skip54
)
(/usr/share/texlive/texmf-dist/tex/latex/mh/mhsetup.sty
Package: mhsetup 2010/01/21 v1.2a programming setup (MH)
)
LaTeX Info: Thecontrolsequence`\['isalreadyrobust on input line 129.
LaTeX Info: Thecontrolsequence`\]'isalreadyrobust on input line 129.
\g_MT_multlinerow_int=\count115
\l_MT_multwidth_dim=\dimen123
\origjot=\skip55
\l_MT_shortvdotswithinadjustabove_dim=\dimen124
\l_MT_shortvdotswithinadjustbelow_dim=\dimen125
\l_MT_above_intertext_sep=\dimen126
\l_MT_below_intertext_sep=\dimen127
\l_MT_above_shortintertext_sep=\dimen128
\l_MT_below_shortintertext_sep=\dimen129
)
(/usr/share/texlive/texmf-dist/tex/generic/xypic/xy.sty
(/usr/share/texlive/texmf-dist/tex/generic/xypic/xy.tex Bootstrap'ing:
catcodes, docmode, (/usr/share/texlive/texmf-dist/tex/generic/xypic/xyrecat.tex
) (/usr/share/texlive/texmf-dist/tex/generic/xypic/xyidioms.tex)

 Xy-pic version 3.8.9 <2013/10/06>
 Copyright (c) 1991-2013 by Kristoffer H. Rose <krisrose@tug.org> and others
 Xy-pic is free software: see the User's Guide for details.

Loading kernel: messages; fonts; allocations: state,
\X@c=\dimen130
\Y@c=\dimen131
\U@c=\dimen132
\D@c=\dimen133
\L@c=\dimen134
\R@c=\dimen135
\Edge@c=\toks29
\X@p=\dimen136
\Y@p=\dimen137
\U@p=\dimen138
\D@p=\dimen139
\L@p=\dimen140
\R@p=\dimen141
\Edge@p=\toks30
\X@origin=\dimen142
\Y@origin=\dimen143
\X@xbase=\dimen144
\Y@xbase=\dimen145
\X@ybase=\dimen146
\Y@ybase=\dimen147
\X@min=\dimen148
\Y@min=\dimen149
\X@max=\dimen150
\Y@max=\dimen151
\lastobjectbox@=\box29
\zerodotbox@=\box30
\almostz@=\dimen152
 direction,
\d@X=\dimen153
\d@Y=\dimen154
\K@=\count116
\KK@=\count117
\Direction=\count118
\K@dXdY=\dimen155
\K@dYdX=\dimen156
\xyread@=\read2
\xywrite@=\write3
\csp@=\count119
\quotPTK@=\dimen157

utility macros; pictures: \xy, positions,
\swaptoks@@=\toks31
\connectobjectbox@@=\box31
 objects,
\styletoks@=\toks32
 decorations;
kernel objects: directionals, circles, text; options; algorithms: directions,
edges, connections;  Xy-pic loaded)
Package: xy 2013/10/06 Xy-pic version 3.8.9

(/usr/share/texlive/texmf-dist/tex/generic/xypic/xyall.tex
 Xy-pic option: All features v.3.8
(/usr/share/texlive/texmf-dist/tex/generic/xypic/xycurve.tex
 Xy-pic option: Curve and Spline extension v.3.12 curve,
\crv@cnt@=\count120
\crvpts@=\toks33
\splinebox@=\box32
\splineval@=\dimen158
\splinedepth@=\dimen159
\splinetol@=\dimen160
\splinelength@=\dimen161
 circles,
\L@=\dimen162
 loaded)
(/usr/share/texlive/texmf-dist/tex/generic/xypic/xyframe.tex
 Xy-pic option: Frame and Bracket extension v.3.14 loaded)
(/usr/share/texlive/texmf-dist/tex/generic/xypic/xycmtip.tex
 Xy-pic option: Computer Modern tip extension v.3.7
(/usr/share/texlive/texmf-dist/tex/generic/xypic/xytips.tex
 Xy-pic option: More Tips extension v.3.11 loaded) loaded)
(/usr/share/texlive/texmf-dist/tex/generic/xypic/xyline.tex
 Xy-pic option: Line styles extension v.3.10
\xylinethick@=\dimen163
 loaded)
(/usr/share/texlive/texmf-dist/tex/generic/xypic/xyrotate.tex
 Xy-pic option: Rotate and Scale extension v.3.8 loaded)
(/usr/share/texlive/texmf-dist/tex/generic/xypic/xycolor.tex
 Xy-pic option: Colour extension v.3.11 loaded)
(/usr/share/texlive/texmf-dist/tex/generic/xypic/xymatrix.tex
 Xy-pic option: Matrix feature v.3.14
\Row=\count121
\Col=\count122
\queue@=\toks34
\queue@@=\toks35
\qcount@=\count123
\qcount@@=\count124
\matrixsize@=\count125
 loaded)
(/usr/share/texlive/texmf-dist/tex/generic/xypic/xyarrow.tex
 Xy-pic option: Arrow and Path feature v.3.9 path, \ar, loaded)
(/usr/share/texlive/texmf-dist/tex/generic/xypic/xygraph.tex
 Xy-pic option: Graph feature v.3.11 loaded) loaded)
(/usr/share/texlive/texmf-dist/tex/generic/xypic/xypdf.tex
 Xy-pic option: PDF driver v.1.7 Xy-pic pdf driver: `color' extension support
(/usr/share/texlive/texmf-dist/tex/generic/xypic/xypdf-co.tex loaded)
Xy-pic pdf driver: `curve' extension support
(/usr/share/texlive/texmf-dist/tex/generic/xypic/xypdf-cu.tex loaded)
Xy-pic pdf driver: `frame' extension support
(/usr/share/texlive/texmf-dist/tex/generic/xypic/xypdf-fr.tex loaded)
Xy-pic pdf driver: `line' extension support
(/usr/share/texlive/texmf-dist/tex/generic/xypic/xypdf-li.tex loaded)
Xy-pic pdf driver: `rotate' extension support
(/usr/share/texlive/texmf-dist/tex/generic/xypic/xypdf-ro.tex loaded) loaded))
(/usr/share/texlive/texmf-dist/tex/latex/graphics/color.sty
Package: color 2005/11/14 v1.0j Standard LaTeX Color (DPC)

(/usr/share/texlive/texmf-dist/tex/latex/latexconfig/color.cfg
File: color.cfg 2007/01/18 v1.5 color configuration of teTeX/TeXLive
)
Package color Info: Driver file: pdftex.def on input line 130.
)
(/usr/share/texlive/texmf-dist/tex/latex/float/float.sty
Package: float 2001/11/08 v1.3d Float enhancements (AL)
\c@float@type=\count126
\float@exts=\toks36
\float@box=\box33
\@float@everytoks=\toks37
\@floatcapt=\box34
)
\c@thm=\count127
\c@ax=\count128
\c@defn=\count129
\c@rem=\count130


Package amsthm Warning: Unknown theoremstyle `example' on input line 28.

\c@eg=\count131
(./thesis.aux (./Bn_Cn/motivation.aux) (./Bn_Cn/dg_cocats.aux)
(./Bn_Cn/dg_comods.aux) (./pb_pf_adj/cyclic_object_Bn.aux)
(./pb_pf_adj/motivation.aux) (./pb_pf_adj/pullbacks.aux)
(./pb_pf_adj/pullback_examples.aux) (./pb_pf_adj/adjunction.aux)
(./pb_pf_adj/maps_lambda_shriek.aux) (./homotopies/motivation.aux)
(./appendices/lambda.aux) (./appendices/computations.aux

LaTeX Warning: Label `fig:upsilon' multiply defined.


LaTeX Warning: Label `fig:upsilon' multiply defined.

) (./notation.aux))
\openout1 = `thesis.aux'.

LaTeX Font Info:    Checking defaults for OML/cmm/m/it on input line 61.
LaTeX Font Info:    ... okay on input line 61.
LaTeX Font Info:    Checking defaults for T1/cmr/m/n on input line 61.
LaTeX Font Info:    ... okay on input line 61.
LaTeX Font Info:    Checking defaults for OT1/cmr/m/n on input line 61.
LaTeX Font Info:    ... okay on input line 61.
LaTeX Font Info:    Checking defaults for OMS/cmsy/m/n on input line 61.
LaTeX Font Info:    ... okay on input line 61.
LaTeX Font Info:    Checking defaults for OMX/cmex/m/n on input line 61.
LaTeX Font Info:    ... okay on input line 61.
LaTeX Font Info:    Checking defaults for U/cmr/m/n on input line 61.
LaTeX Font Info:    ... okay on input line 61.
LaTeX Font Info:    Checking defaults for PD1/pdf/m/n on input line 61.
LaTeX Font Info:    ... okay on input line 61.
LaTeX Font Info:    Try loading font information for U+msa on input line 61.
 (/usr/share/texlive/texmf-dist/tex/latex/amsfonts/umsa.fd
File: umsa.fd 2013/01/14 v3.01 AMS symbols A
)
LaTeX Font Info:    Try loading font information for U+msb on input line 61.

(/usr/share/texlive/texmf-dist/tex/latex/amsfonts/umsb.fd
File: umsb.fd 2013/01/14 v3.01 AMS symbols B
)
\AtBeginShipoutBox=\box35
Package hyperref Info: Link coloring OFF on input line 61.

(/usr/share/texlive/texmf-dist/tex/latex/hyperref/nameref.sty
Package: nameref 2012/10/27 v2.43 Cross-referencing by name of section

(/usr/share/texlive/texmf-dist/tex/generic/oberdiek/gettitlestring.sty
Package: gettitlestring 2010/12/03 v1.4 Cleanup title references (HO)
)
\c@section@level=\count132
)
LaTeX Info: Redefining \ref on input line 61.
LaTeX Info: Redefining \pageref on input line 61.
LaTeX Info: Redefining \nameref on input line 61.

(./thesis.out) (./thesis.out)
\@outlinefile=\write4
\openout4 = `thesis.out'.


(/usr/share/texlive/texmf-dist/tex/context/base/supp-pdf.mkii
[Loading MPS to PDF converter (version 2006.09.02).]
\scratchcounter=\count133
\scratchdimen=\dimen164
\scratchbox=\box36
\nofMPsegments=\count134
\nofMParguments=\count135
\everyMPshowfont=\toks38
\MPscratchCnt=\count136
\MPscratchDim=\dimen165
\MPnumerator=\count137
\makeMPintoPDFobject=\count138
\everyMPtoPDFconversion=\toks39
) (/usr/share/texlive/texmf-dist/tex/latex/oberdiek/epstopdf-base.sty
Package: epstopdf-base 2010/02/09 v2.5 Base part for package epstopdf

(/usr/share/texlive/texmf-dist/tex/latex/oberdiek/grfext.sty
Package: grfext 2010/08/19 v1.1 Manage graphics extensions (HO)
)
Package grfext Info: Graphics extension search list:
(grfext)             [.png,.pdf,.jpg,.mps,.jpeg,.jbig2,.jb2,.PNG,.PDF,.JPG,.JPE
G,.JBIG2,.JB2,.eps]
(grfext)             \AppendGraphicsExtensions on input line 452.

(/usr/share/texlive/texmf-dist/tex/latex/latexconfig/epstopdf-sys.cfg
File: epstopdf-sys.cfg 2010/07/13 v1.3 Configuration of (r)epstopdf for TeX Liv
e
))
(/usr/share/texlive/texmf-dist/tex/latex/graphics/graphicx.sty
Package: graphicx 1999/02/16 v1.0f Enhanced LaTeX Graphics (DPC,SPQR)
\Gin@req@height=\dimen166
\Gin@req@width=\dimen167
)
Package xypdf Info: Line width: 0.47998pt on input line 61.
 [1





{/var/lib/texmf/fonts/map/pdftex/updmap/pdftex.map}]
ABSTRACT
[2


]
Acknowledgements
[3



]
List of abbreviations
[4



]
Table of Contents
(./thesis.toc
Underfull \vbox (badness 10000) has occurred while \output is active []

 [5



])
\tf@toc=\write5
\openout5 = `thesis.toc'.


[6]
List of Tables
(./thesis.lot)
\tf@lot=\write6
\openout6 = `thesis.lot'.

 [7



]
List of Figures
(./thesis.lof
LaTeX Font Info:    Try loading font information for U+eus on input line 18.
 (/usr/share/texlive/texmf-dist/tex/latex/amsfonts/ueus.fd
File: ueus.fd 2013/01/14 v3.01 Euler Script
))
\tf@lof=\write7
\openout7 = `thesis.lof'.


[8



]
Chapter 1

Package hyperref Warning: Token not allowed in a PDF string (PDFDocEncoding):
(hyperref)                removing `math shift' on input line 117.


Package hyperref Warning: Token not allowed in a PDF string (PDFDocEncoding):
(hyperref)                removing `math shift' on input line 117.


Package hyperref Warning: Token not allowed in a PDF string (PDFDocEncoding):
(hyperref)                removing `math shift' on input line 117.


Package hyperref Warning: Token not allowed in a PDF string (PDFDocEncoding):
(hyperref)                removing `math shift' on input line 117.

[9


]
\openout2 = `Bn_Cn/motivation.aux'.

 (./Bn_Cn/motivation.tex) [10

]
\openout2 = `Bn_Cn/dg_cocats.aux'.

 (./Bn_Cn/dg_cocats.tex

Package hyperref Warning: Token not allowed in a PDF string (PDFDocEncoding):
(hyperref)                removing `math shift' on input line 1.


Package hyperref Warning: Token not allowed in a PDF string (PDFDocEncoding):
(hyperref)                removing `math shift' on input line 1.

<xymatrix 2x2 182> <xymatrix 2x2 223>
Underfull \vbox (badness 10000) has occurred while \output is active []

 [11


]
Underfull \vbox (badness 1735) has occurred while \output is active []

 [12]
<xymatrix 6x1 231>
Overfull \hbox (30.20013pt too wide) in paragraph at lines 156--159
 \OT1/cmr/bx/n/12 1.2.2.2.Morphisms.[] \OT1/cmr/m/n/12 The com-plex of mor-phis
ms in $\OML/cmm/m/it/12 B\OT1/cmr/m/n/12 (\OML/cmm/m/it/12 n\OT1/cmr/m/n/12 )$ 
be-tween two ob-jects, $(\OML/cmm/m/it/12 f[]; f[]; []  ; f[]\OT1/cmr/m/n/12 )$

 []


Overfull \hbox (20.31311pt too wide) in paragraph at lines 182--182
[] 
 []


Underfull \vbox (badness 10000) has occurred while \output is active []

 [13]
<xymatrix 6x1 986>
Underfull \hbox (badness 10000) in paragraph at lines 221--221
\OT1/cmr/m/n/12 (\OML/cmm/m/it/12 f[]; f[]; []  ; f[]\OT1/cmr/m/n/12 )$ to ob-j
ect $(\OML/cmm/m/it/12 f[]; f[]; []  ; f[]\OT1/cmr/m/n/12 )$ where $\OML/cmm/m/
it/12 ^^^[] \OMS/cmsy/m/n/12 2
 []

[14pdfTeX warning (ext4): destination with the same identifier (name{figure.1.1
}) has been already used, duplicate ignored

\AtBegShi@Output ...ipout \box \AtBeginShipoutBox 
                                                  \fi \fi 
l.232 \phi_{n,1}\smdots\phi_{n,k_n}$$
                                     ]
Overfull \hbox (60.88307pt too wide) in paragraph at lines 253--253
[] 
 []


Underfull \vbox (badness 10000) has occurred while \output is active []

 [15])
[16]
\openout2 = `Bn_Cn/dg_comods.aux'.

 (./Bn_Cn/dg_comods.tex

Package hyperref Warning: Token not allowed in a PDF string (PDFDocEncoding):
(hyperref)                removing `math shift' on input line 1.


Package hyperref Warning: Token not allowed in a PDF string (PDFDocEncoding):
(hyperref)                removing `math shift' on input line 1.

<xymatrix 2x2 182> <xymatrix 2x2 141>
Underfull \vbox (badness 1137) has occurred while \output is active []

 [17


]
Underfull \hbox (badness 10000) in paragraph at lines 116--126

 []

[18] <xymatrix 6x1 794>
Overfull \hbox (6.6587pt too wide) in paragraph at lines 138--191
\OT1/cmr/m/n/12 where $\OML/cmm/m/it/12 ^^^[] [] ^^^[]$ \OT1/cmr/m/n/12 is a mo
r-phism in $\OML/cmm/m/it/12 B\OT1/cmr/m/n/12 (\OML/cmm/m/it/12 n\OT1/cmr/m/n/1
2 )$ (see Sec-tion []1.2.2.3[]) and $\OML/cmm/m/it/12  \OMS/cmsy/m/n/12 2 \OML
/cmm/m/it/12 C[]\OT1/cmr/m/n/12 (\OML/cmm/m/it/12 A[];[] [][]\OT1/cmr/m/n/12 )$
.
 []


Underfull \vbox (badness 10000) has occurred while \output is active []

 [19pdfTeX warning (ext4): destination with the same identifier (name{figure.1.
2}) has been already used, duplicate ignored

\AtBegShi@Output ...ipout \box \AtBeginShipoutBox 
                                                  \fi \fi 
l.205 \end{equation*}
                     ]
Overfull \hbox (19.49745pt too wide) in paragraph at lines 256--264
\OT1/cmr/m/n/12 where $\OML/cmm/m/it/12 d[]$ \OT1/cmr/m/n/12 is the dif-fer-en-
tial on $\OML/cmm/m/it/12 B\OT1/cmr/m/n/12 (\OML/cmm/m/it/12 n\OT1/cmr/m/n/12 )
$, $\OML/cmm/m/it/12 b[]$ \OT1/cmr/m/n/12 is the Hochschild-chain dif-fer-en-ti
al on $\OML/cmm/m/it/12 C[]\OT1/cmr/m/n/12 (\OML/cmm/m/it/12 A[];[] [][]\OT1/cm
r/m/n/12 )$,
 []


Underfull \vbox (badness 10000) has occurred while \output is active []

 [20]
Overfull \hbox (22.39328pt too wide) in paragraph at lines 294--294
[] 
 []


Overfull \hbox (22.39328pt too wide) in alignment at lines 293--294
[] [] 
 []

) [21]
Chapter 2
[22



]
\openout2 = `pb_pf_adj/cyclic_object_Bn.aux'.

 (./pb_pf_adj/cyclic_object_Bn.tex
Underfull \vbox (badness 10000) has occurred while \output is active []

 [23

]
Underfull \vbox (badness 10000) has occurred while \output is active []

 [24])
Underfull \vbox (badness 10000) has occurred while \output is active []

 [25]
[26]
\openout2 = `pb_pf_adj/motivation.aux'.

 (./pb_pf_adj/motivation.tex) [27


]
\openout2 = `pb_pf_adj/pullbacks.aux'.

 (./pb_pf_adj/pullbacks.tex
(./pb_pf_adj/pb_categorical.tex
Underfull \vbox (badness 10000) has occurred while \output is active []

 [28


]
Underfull \vbox (badness 10000) has occurred while \output is active []

 [29]
[30]

LaTeX Font Warning: Font shape `OT1/cmr/bx/sc' undefined
(Font)              using `OT1/cmr/bx/n' instead on input line 163.


Underfull \vbox (badness 10000) has occurred while \output is active []

 [31]
Underfull \vbox (badness 10000) has occurred while \output is active []

 [32])
(./pb_pf_adj/pb_explicit.tex [33] [34]
Overfull \hbox (47.86813pt too wide) detected at line 96
\OT1/cmr/m/n/12 (\OML/cmm/m/it/12 id[] \OMS/cmsy/m/n/12 
 \OT1/cmr/m/n/12 ^^A[]) \OMS/cmsy/m/n/12 ^^N \OML/cmm/m/it/12 G[];  \OT1/cmr/m/
n/12 (\OML/cmm/m/it/12 id[] \OMS/cmsy/m/n/12 
 [] 
 \OML/cmm/m/it/12 id[]\OT1/cmr/m/n/12 ) \OMS/cmsy/m/n/12 ^^N \OT1/cmr/m/n/12 (^
^A[] \OMS/cmsy/m/n/12 
 \OML/cmm/m/it/12 id[]\OT1/cmr/m/n/12 ) \OMS/cmsy/m/n/12 ^^N \OML/cmm/m/it/12 G
[] \OT1/cmr/m/n/12 : \OML/cmm/m/it/12 B\OT1/cmr/m/n/12 (\U/eus/m/n/12 A\OT1/cmr
/m/n/12 ) \OMS/cmsy/m/n/12 
[] \OML/cmm/m/it/12 T \OMS/cmsy/m/n/12 ! \OML/cmm/m/it/12 B\OT1/cmr/m/n/12 (\U/
eus/m/n/12 A\OT1/cmr/m/n/12 ) \OMS/cmsy/m/n/12 
[] \OML/cmm/m/it/12 C \U/msa/m/n/12 ^^S \OML/cmm/m/it/12 B\OT1/cmr/m/n/12 (\U/e
us/m/n/12 A\OT1/cmr/m/n/12 ) \OMS/cmsy/m/n/12 
[] \OML/cmm/m/it/12 B\OT1/cmr/m/n/12 (\U/eus/m/n/12 A[]\OT1/cmr/m/n/12 ) \OMS/c
msy/m/n/12 
 \OML/cmm/m/it/12 C
 []


Underfull \vbox (badness 10000) has occurred while \output is active []

 [35]))
[36]
\openout2 = `pb_pf_adj/pullback_examples.aux'.

 (./pb_pf_adj/pullback_examples.tex
Underfull \vbox (badness 10000) has occurred while \output is active []

 [37


]
Overfull \hbox (29.64297pt too wide) in paragraph at lines 85--85
[] 
 []


Underfull \vbox (badness 10000) has occurred while \output is active []

 [38]
Underfull \vbox (badness 10000) has occurred while \output is active []

 [39]
Underfull \vbox (badness 10000) has occurred while \output is active []

 [40]
Underfull \vbox (badness 10000) has occurred while \output is active []

 [41])
[42]
\openout2 = `pb_pf_adj/adjunction.aux'.

 (./pb_pf_adj/adjunction.tex

Package hyperref Warning: Token not allowed in a PDF string (PDFDocEncoding):
(hyperref)                removing `math shift' on input line 1.


Package hyperref Warning: Token not allowed in a PDF string (PDFDocEncoding):
(hyperref)                removing `\lambda' on input line 1.


Package hyperref Warning: Token not allowed in a PDF string (PDFDocEncoding):
(hyperref)                removing `superscript' on input line 1.


Package hyperref Warning: Token not allowed in a PDF string (PDFDocEncoding):
(hyperref)                removing `math shift' on input line 1.


Package hyperref Warning: Token not allowed in a PDF string (PDFDocEncoding):
(hyperref)                removing `math shift' on input line 1.


Package hyperref Warning: Token not allowed in a PDF string (PDFDocEncoding):
(hyperref)                removing `\lambda' on input line 1.


Package hyperref Warning: Token not allowed in a PDF string (PDFDocEncoding):
(hyperref)                removing `subscript' on input line 1.


Package hyperref Warning: Token not allowed in a PDF string (PDFDocEncoding):
(hyperref)                removing `math shift' on input line 1.

(./pb_pf_adj/pushforwards.tex [43


]) [44]
Underfull \vbox (badness 10000) has occurred while \output is active []

 [45]

LaTeX Warning: Reference `fig:phi-1_delta' on page 46 undefined on input line 2
02.


Underfull \vbox (badness 10000) has occurred while \output is active []

 [46]

LaTeX Warning: Reference `fig:phi-1_phi' on page 47 undefined on input line 252
.

(./pb_pf_adj/adjunction_diagrams.tex [47] <xymatrix 3x3 331> <xymatrix 3x3
366> <xymatrix 3x2 275> <xymatrix 4x3 410> [48pdfTeX warning (ext4): destinatio
n with the same identifier (name{figure.2.1}) has been already used, duplicate 
ignored

\AtBegShi@Output ...ipout \box \AtBeginShipoutBox 
                                                  \fi \fi 
l.215 \end{landscape}
                     ] [49pdfTeX warning (ext4): destination with the same iden
tifier (name{figure.2.2}) has been already used, duplicate ignored

\AtBegShi@Output ...ipout \box \AtBeginShipoutBox 
                                                  \fi \fi 
l.215 \end{landscape}
                     ] [50pdfTeX warning (ext4): destination with the same iden
tifier (name{figure.2.3}) has been already used, duplicate ignored

\AtBegShi@Output ...ipout \box \AtBeginShipoutBox 
                                                  \fi \fi 
l.215 \end{landscape}
                     ] [51pdfTeX warning (ext4): destination with the same iden
tifier (name{figure.2.4}) has been already used, duplicate ignored

\AtBegShi@Output ...ipout \box \AtBeginShipoutBox 
                                                  \fi \fi 
l.215 \end{landscape}
                     ]))
\openout2 = `pb_pf_adj/maps_lambda_shriek.aux'.

 (./pb_pf_adj/maps_lambda_shriek.tex

Package hyperref Warning: Token not allowed in a PDF string (PDFDocEncoding):
(hyperref)                removing `math shift' on input line 1.


Package hyperref Warning: Token not allowed in a PDF string (PDFDocEncoding):
(hyperref)                removing `\lambda' on input line 1.


Package hyperref Warning: Token not allowed in a PDF string (PDFDocEncoding):
(hyperref)                removing `subscript' on input line 1.


Package hyperref Warning: Token not allowed in a PDF string (PDFDocEncoding):
(hyperref)                removing `math shift' on input line 1.


Underfull \vbox (badness 3209) has occurred while \output is active []

 [52




]
Overfull \hbox (76.87222pt too wide) detected at line 99
[][][][]\OT1/cmr/m/n/12 (\OML/cmm/m/it/12 ^^^[][]^^^[]\OMS/cmsy/m/n/12 j\OML/cm
m/m/it/12 ^^^[][]^^^[]\OMS/cmsy/m/n/12 j\OML/cmm/m/it/12 \OT1/cmr/m/n/12 ) = [
] \OML/cmm/m/it/12 ^^^[][]^^^[]\OMS/cmsy/m/n/12 j\OML/cmm/m/it/12 ^^^[][]^^^[]\
OMS/cmsy/m/n/12 j\OML/cmm/m/it/12 ^^][]\OT1/cmr/m/n/12 (\OML/cmm/m/it/12 ^^^[][
]^^^[]\OMS/cmsy/m/n/12 j\OML/cmm/m/it/12 ^^^[][]^^^[]\OMS/cmsy/m/n/12 j\OML/cmm
/m/it/12 \OT1/cmr/m/n/12 )
 []


Underfull \vbox (badness 10000) has occurred while \output is active []

 [53]
Underfull \vbox (badness 10000) has occurred while \output is active []

 [54])
[55]
Chapter 3
[56



]
\openout2 = `homotopies/motivation.aux'.

 (./homotopies/motivation.tex)
Underfull \vbox (badness 10000) has occurred while \output is active []

 [57

]
[58]
Chapter 4

Package hyperref Warning: Token not allowed in a PDF string (PDFDocEncoding):
(hyperref)                removing `math shift' on input line 134.


Package hyperref Warning: Token not allowed in a PDF string (PDFDocEncoding):
(hyperref)                removing `\infty' on input line 134.


Package hyperref Warning: Token not allowed in a PDF string (PDFDocEncoding):
(hyperref)                removing `math shift' on input line 134.

[59



]
References
[60



]
\openout2 = `appendices/lambda.aux'.

 (./appendices/lambda.tex
Appendix A

Package hyperref Warning: Token not allowed in a PDF string (PDFDocEncoding):
(hyperref)                removing `math shift' on input line 1.


Package hyperref Warning: Token not allowed in a PDF string (PDFDocEncoding):
(hyperref)                removing `\Lambda' on input line 1.


Package hyperref Warning: Token not allowed in a PDF string (PDFDocEncoding):
(hyperref)                removing `math shift' on input line 1.


Underfull \vbox (badness 10000) has occurred while \output is active []

 [61



])
[62]
\openout2 = `appendices/computations.aux'.

 (./appendices/computations.tex
Appendix B
(./appendices/computational_prop_1.tex <xymatrix 3x1 371>
LaTeX Font Info:    Try loading font information for U+euf on input line 64.

(/usr/share/texlive/texmf-dist/tex/latex/amsfonts/ueuf.fd
File: ueuf.fd 2013/01/14 v3.01 Euler Fraktur
)
Underfull \vbox (badness 10000) has occurred while \output is active []

 [63




]
[64]
Underfull \vbox (badness 10000) has occurred while \output is active []

 [65]
[66]
Overfull \hbox (4.22289pt too wide) in paragraph at lines 186--186
[][]| 
 []


Overfull \hbox (11.93248pt too wide) in paragraph at lines 178--219
 [] 
 []


Underfull \vbox (badness 10000) has occurred while \output is active []

 [67

]
[68]) (./appendices/computational_prop_2.tex <xymatrix 3x1 371> <xymatrix 3x1
371>
Underfull \vbox (badness 10000) has occurred while \output is active []

 [69pdfTeX warning (ext4): destination with the same identifier (name{figure.B.
1}) has been already used, duplicate ignored

\AtBegShi@Output ...ipout \box \AtBeginShipoutBox 
                                                  \fi \fi 
l.55 \end{equation}
                   

] [70]
Overfull \hbox (11.93248pt too wide) in paragraph at lines 65--91
 [] 
 []

[71

]
Overfull \hbox (74.2025pt too wide) in paragraph at lines 101--116
 [] 
 []

[72


]) (./appendices/computational_prop_3.tex
Overfull \hbox (37.24345pt too wide) in paragraph at lines 24--24
[] 
 []

) (./appendices/computational_prop_4.tex <xymatrix 4x1 526> <xymatrix 4x1 526>
[73

]
Underfull \vbox (badness 10000) has occurred while \output is active []

 [74pdfTeX warning (ext4): destination with the same identifier (name{figure.B.
2}) has been already used, duplicate ignored

\AtBegShi@Output ...ipout \box \AtBeginShipoutBox 
                                                  \fi \fi 
l.90 \end{equation}
                   ] [75]
Underfull \hbox (badness 4366) in paragraph at lines 102--102
[]\OT1/cmr/m/n/12 Comes from Stan-dard
 []


Underfull \hbox (badness 10000) in paragraph at lines 105--111
[]$\OT1/cmr/m/n/12 1 \OMS/cmsy/m/n/12 
 \OML/cmm/m/it/12 ^^U\OT1/cmr/m/n/12 ([])[\OML/cmm/m/it/12 ^^U\OT1/cmr/m/n/12 (
[]\OML/cmm/m/it/12 ^^U\OT1/cmr/m/n/12 ([])\OML/cmm/m/it/12 ^^U\OT1/cmr/m/n/12 (
[])\U/euf/m/n/12 a[] \OMS/cmsy/m/n/12 

 []


Overfull \hbox (20.61407pt too wide) in paragraph at lines 113--114
[]$\U/eus/m/n/12 B[]\OT1/cmr/m/n/12 ([]\OMS/cmsy/m/n/12 j[]j[]j\OML/cmm/m/it/12
 ^^R[]\OMS/cmsy/m/n/12 f[]gf[]g ^^A
 []


Underfull \hbox (badness 10000) in paragraph at lines 116--122
[]$\OT1/cmr/m/n/12 1 \OMS/cmsy/m/n/12 
 \OML/cmm/m/it/12 ^^U\OT1/cmr/m/n/12 ([])[\OML/cmm/m/it/12 ^^U\OT1/cmr/m/n/12 (
[]\OML/cmm/m/it/12 ^^U\OT1/cmr/m/n/12 ([])\OML/cmm/m/it/12 ^^U\OT1/cmr/m/n/12 (
[])\U/euf/m/n/12 a[] \OMS/cmsy/m/n/12 

 []


Underfull \hbox (badness 10000) in paragraph at lines 139--142
[]$\OML/cmm/m/it/12 ^^^[]\OT1/cmr/m/n/12 (\OML/cmm/m/it/12 ^^U\OT1/cmr/m/n/12 (
[])\OML/cmm/m/it/12 ^^U\OT1/cmr/m/n/12 ([])\OML/cmm/m/it/12 ^^U\OT1/cmr/m/n/12 
([])\U/euf/m/n/12 a[]\OT1/cmr/m/n/12 ) \OMS/cmsy/m/n/12 

 []


Underfull \hbox (badness 10000) in paragraph at lines 144--146
[]$\OML/cmm/m/it/12 ^^^[]\OMS/cmsy/m/n/12 f[]gf[]g ^^A
 []


Underfull \hbox (badness 10000) in paragraph at lines 148--151
[]$\OML/cmm/m/it/12 f[]^^R[]\OT1/cmr/m/n/12 (\OML/cmm/m/it/12 ^^U\OT1/cmr/m/n/1
2 ([])\OML/cmm/m/it/12 ^^U\OT1/cmr/m/n/12 ([])\U/euf/m/n/12 a[]\OT1/cmr/m/n/12 
) \OMS/cmsy/m/n/12 

 []


Underfull \hbox (badness 10000) in paragraph at lines 157--160
[]$\OML/cmm/m/it/12 f[]h[] []\OT1/cmr/m/n/12 (\OML/cmm/m/it/12 ^^U\OT1/cmr/m/n/
12 ([])\U/euf/m/n/12 a[]\OT1/cmr/m/n/12 ) \OMS/cmsy/m/n/12 

 []


Underfull \hbox (badness 10000) in paragraph at lines 179--181
[]$\OML/cmm/m/it/12 ^^^[]\OT1/cmr/m/n/12 (\OML/cmm/m/it/12 ^^U\OT1/cmr/m/n/12 (
[])\OML/cmm/m/it/12 ^^U\OT1/cmr/m/n/12 ([])\OML/cmm/m/it/12 ^^U\OT1/cmr/m/n/12 
([])\OML/cmm/m/it/12 ^^U\OT1/cmr/m/n/12 ([])\U/euf/m/n/12 a[]\OML/cmm/m/it/12 ;
 a[]; \U/euf/m/n/12 a[]\OT1/cmr/m/n/12 ) \OMS/cmsy/m/n/12 

 []


Overfull \hbox (11.93248pt too wide) in paragraph at lines 100--186
 [] 
 []


Underfull \vbox (badness 10000) has occurred while \output is active []

 [76

]
Overfull \vbox (34.89938pt too high) has occurred while \output is active []


[77]
Underfull \hbox (badness 10000) in paragraph at lines 204--206
[]$\OML/cmm/m/it/12 ^^^[]\OMS/cmsy/m/n/12 f[]gf[]g ^^A
 []


Overfull \hbox (74.2025pt too wide) in paragraph at lines 195--228
 [] 
 []

[78


]) (./appendices/computational_prop_5.tex <xymatrix 4x1 526> <xymatrix 4x1
526>
Overfull \hbox (35.72937pt too wide) detected at line 56
[] []
 []

[79pdfTeX warning (ext4): destination with the same identifier (name{figure.B.3
}) has been already used, duplicate ignored

\AtBegShi@Output ...ipout \box \AtBeginShipoutBox 
                                                  \fi \fi 
l.67 \end{align*}
                 

])) [80]
Appendix C
[81



]
\openout2 = `notation.aux'.

 (./notation.tex
Overfull \hbox (4.142pt too wide) in paragraph at lines 11--11
[] 
 []


Underfull \hbox (badness 10000) in paragraph at lines 14--15

 []


Underfull \vbox (badness 10000) has occurred while \output is active []

 [82

]
Underfull \hbox (badness 10000) in paragraph at lines 28--30

 []


Underfull \hbox (badness 10000) in paragraph at lines 34--35

 []


Overfull \hbox (43.62009pt too wide) in paragraph at lines 44--45
$\OML/cmm/b/it/12 ^^\$ \OT1/cmr/m/n/12 de-notes the flip map $\OML/cmm/m/it/12 
Bar\OT1/cmr/m/n/12 (\OML/cmm/m/it/12 C[]\OT1/cmr/m/n/12 (\OML/cmm/m/it/12 A[]; 
A[]\OT1/cmr/m/n/12 )) \OMS/cmsy/m/n/12 
 \OML/cmm/m/it/12 Bar\OT1/cmr/m/n/12 (\OML/cmm/m/it/12 C[]\OT1/cmr/m/n/12 (\OML
/cmm/m/it/12 A[]; A[]\OT1/cmr/m/n/12 )) \OMS/cmsy/m/n/12 ! \OML/cmm/m/it/12 Bar
\OT1/cmr/m/n/12 (\OML/cmm/m/it/12 C[]\OT1/cmr/m/n/12 (\OML/cmm/m/it/12 A[]; A[]
\OT1/cmr/m/n/12 )) \OMS/cmsy/m/n/12 
 \OML/cmm/m/it/12 Bar\OT1/cmr/m/n/12 (\OML/cmm/m/it/12 C[]\OT1/cmr/m/n/12 (\OML
/cmm/m/it/12 A[]; A[]\OT1/cmr/m/n/12 ))$,
 []


Underfull \hbox (badness 10000) in paragraph at lines 44--45

 []


Underfull \vbox (badness 1540) has occurred while \output is active []

 [83]
Overfull \hbox (16.89034pt too wide) in paragraph at lines 46--47
[]$\OT1/cmr/bx/sc/12 ^^G$ \OT1/cmr/m/n/12 is a lin-ear map $\OML/cmm/m/it/12 Ba
r\OT1/cmr/m/n/12 (\OML/cmm/m/it/12 C[]\OT1/cmr/m/n/12 (\OML/cmm/m/it/12 A[]; A[
]\OT1/cmr/m/n/12 )) \OMS/cmsy/m/n/12 
 \OML/cmm/m/it/12 Bar\OT1/cmr/m/n/12 (\OML/cmm/m/it/12 C[]\OT1/cmr/m/n/12 (\OML
/cmm/m/it/12 A[]; A[]\OT1/cmr/m/n/12 )) \OMS/cmsy/m/n/12 
 \OML/cmm/m/it/12 C[]\OT1/cmr/m/n/12 (\OML/cmm/m/it/12 A[]; A[]\OT1/cmr/m/n/12 
) \OMS/cmsy/m/n/12 ! \OML/cmm/m/it/12 Bar\OT1/cmr/m/n/12 (\OML/cmm/m/it/12 C[]\
OT1/cmr/m/n/12 (\OML/cmm/m/it/12 A[]; A[]\OT1/cmr/m/n/12 )) \OMS/cmsy/m/n/12 

 []


Underfull \hbox (badness 10000) in paragraph at lines 61--62

 []

[84]) [85]
Package atveryend Info: Empty hook `BeforeClearDocument' on input line 183.
Package atveryend Info: Empty hook `AfterLastShipout' on input line 183.
 (./thesis.aux (./Bn_Cn/motivation.aux) (./Bn_Cn/dg_cocats.aux)
(./Bn_Cn/dg_comods.aux) (./pb_pf_adj/cyclic_object_Bn.aux)
(./pb_pf_adj/motivation.aux) (./pb_pf_adj/pullbacks.aux)
(./pb_pf_adj/pullback_examples.aux) (./pb_pf_adj/adjunction.aux)
(./pb_pf_adj/maps_lambda_shriek.aux) (./homotopies/motivation.aux)
(./appendices/lambda.aux) (./appendices/computations.aux) (./notation.aux))
Package atveryend Info: Executing hook `AtVeryEndDocument' on input line 183.
Package atveryend Info: Executing hook `AtEndAfterFileList' on input line 183.
Package rerunfilecheck Info: File `thesis.out' has not changed.
(rerunfilecheck)             Checksum: BBFF32C2A0CF5F5C193C03825450D9C2;1722.


LaTeX Font Warning: Some font shapes were not available, defaults substituted.


LaTeX Warning: There were undefined references.


LaTeX Warning: There were multiply-defined labels.

Package atveryend Info: Empty hook `AtVeryVeryEnd' on input line 183.
 ) 
Here is how much of TeX's memory you used:
 10444 strings out of 495028
 143187 string characters out of 6181496
 307783 words of memory out of 5000000
 12985 multiletter control sequences out of 15000+600000
 22881 words of font info for 90 fonts, out of 8000000 for 9000
 175 hyphenation exceptions out of 8191
 40i,25n,33p,3251b,898s stack positions out of 5000i,500n,10000p,200000b,80000s
</usr/share/texlive/texmf-dist/fonts/type1/public/amsfonts/cm/cmbsy10.pfb></u
sr/share/texlive/texmf-dist/fonts/type1/public/amsfonts/cmextra/cmbsy8.pfb></us
r/share/texlive/texmf-dist/fonts/type1/public/amsfonts/cm/cmbx12.pfb></usr/shar
e/texlive/texmf-dist/fonts/type1/public/amsfonts/cm/cmbx6.pfb></usr/share/texli
ve/texmf-dist/fonts/type1/public/amsfonts/cm/cmbx8.pfb></usr/share/texlive/texm
f-dist/fonts/type1/public/amsfonts/cm/cmcsc10.pfb></usr/share/texlive/texmf-dis
t/fonts/type1/public/amsfonts/cm/cmex10.pfb></usr/share/texlive/texmf-dist/font
s/type1/public/amsfonts/cmextra/cmex8.pfb></usr/share/texlive/texmf-dist/fonts/
type1/public/amsfonts/cm/cmmi12.pfb></usr/share/texlive/texmf-dist/fonts/type1/
public/amsfonts/cm/cmmi6.pfb></usr/share/texlive/texmf-dist/fonts/type1/public/
amsfonts/cm/cmmi8.pfb></usr/share/texlive/texmf-dist/fonts/type1/public/amsfont
s/cm/cmmib10.pfb></usr/share/texlive/texmf-dist/fonts/type1/public/amsfonts/cme
xtra/cmmib6.pfb></usr/share/texlive/texmf-dist/fonts/type1/public/amsfonts/cmex
tra/cmmib8.pfb></usr/share/texlive/texmf-dist/fonts/type1/public/amsfonts/cm/cm
r12.pfb></usr/share/texlive/texmf-dist/fonts/type1/public/amsfonts/cm/cmr6.pfb>
</usr/share/texlive/texmf-dist/fonts/type1/public/amsfonts/cm/cmr8.pfb></usr/sh
are/texlive/texmf-dist/fonts/type1/public/amsfonts/cm/cmsy10.pfb></usr/share/te
xlive/texmf-dist/fonts/type1/public/amsfonts/cm/cmsy6.pfb></usr/share/texlive/t
exmf-dist/fonts/type1/public/amsfonts/cm/cmsy8.pfb></usr/share/texlive/texmf-di
st/fonts/type1/public/amsfonts/cm/cmti12.pfb></usr/share/texlive/texmf-dist/fon
ts/type1/public/amsfonts/cm/cmti8.pfb></usr/share/texlive/texmf-dist/fonts/type
1/public/amsfonts/euler/eufm10.pfb></usr/share/texlive/texmf-dist/fonts/type1/p
ublic/amsfonts/euler/eusm10.pfb></usr/share/texlive/texmf-dist/fonts/type1/publ
ic/amsfonts/symbols/msam10.pfb></usr/share/texlive/texmf-dist/fonts/type1/publi
c/amsfonts/symbols/msbm10.pfb></usr/share/texlive/texmf-dist/fonts/type1/public
/xypic/xyatip10.pfb></usr/share/texlive/texmf-dist/fonts/type1/public/xypic/xyb
tip10.pfb>
Output written on thesis.pdf (85 pages, 430893 bytes).
PDF statistics:
 838 PDF objects out of 1000 (max. 8388607)
 695 compressed objects within 7 object streams
 199 named destinations out of 1000 (max. 500000)
 193 words of extra memory for PDF output out of 10000 (max. 10000000)

